2026-05-29 12:21:37  Application startup
2026-05-29 12:21:37  Main window shown
2026-05-29 12:22:56  Application startup
2026-05-29 12:22:56  Main window shown
2026-05-29 12:29:31  Application startup
2026-05-29 12:29:31  Main window shown
2026-05-29 12:34:27  Application startup
2026-05-29 12:34:27  Main window shown
2026-05-29 12:38:50  Application startup
2026-05-29 12:38:50  Main window shown
2026-05-29 12:39:32  Application startup
2026-05-29 12:39:32  Main window shown
2026-05-29 12:49:15  Application startup
2026-05-29 12:49:16  Main window shown
2026-05-29 12:54:38  Application startup
2026-05-29 12:54:38  Main window shown
2026-05-29 13:12:44  Application startup
2026-05-29 13:12:44  Main window shown
2026-05-29 13:38:29  Application startup
2026-05-29 13:38:29  Main window shown
2026-05-29 13:44:07  Application startup
2026-05-29 13:44:07  Main window shown
2026-05-29 13:46:28  Application startup
2026-05-29 13:46:28  Main window shown
2026-05-29 13:47:16  Application startup
2026-05-29 13:47:16  Main window shown
2026-05-29 14:00:30  Application startup
2026-05-29 14:00:30  Main window shown
2026-05-29 14:00:32  Dispatcher exception: System.InvalidOperationException: A TwoWay or OneWayToSource binding cannot work on the read-only property 'BatteryProgressValue' of type 'UniversalTWSSync.App.ViewModels.DeviceCardViewModel'.
   at MS.Internal.Data.PropertyPathWorker.CheckReadOnly(Object item, Object info)
   at MS.Internal.Data.PropertyPathWorker.ReplaceItem(Int32 k, Object newO, Object parent)
   at MS.Internal.Data.PropertyPathWorker.UpdateSourceValueState(Int32 k, ICollectionView collectionView, Object newValue, Boolean isASubPropertyChange)
   at MS.Internal.Data.ClrBindingWorker.AttachDataItem()
   at System.Windows.Data.BindingExpression.Activate(Object item)
   at System.Windows.Data.BindingExpression.OnDataContextChanged(DependencyObject contextElement)
   at System.Windows.Data.BindingExpression.HandlePropertyInvalidation(DependencyObject d, DependencyPropertyChangedEventArgs args)
   at System.Windows.Data.BindingExpressionBase.OnPropertyInvalidation(DependencyObject d, DependencyPropertyChangedEventArgs args)
   at System.Windows.Data.BindingExpression.OnPropertyInvalidation(DependencyObject d, DependencyPropertyChangedEventArgs args)
   at System.Windows.DependentList.InvalidateDependents(DependencyObject source, DependencyPropertyChangedEventArgs sourceArgs)
   at System.Windows.DependencyObject.NotifyPropertyChange(DependencyPropertyChangedEventArgs args)
   at System.Windows.DependencyObject.UpdateEffectiveValue(EntryIndex entryIndex, DependencyProperty dp, PropertyMetadata metadata, EffectiveValueEntry oldEntry, EffectiveValueEntry& newEntry, Boolean coerceWithDeferredReference, Boolean coerceWithCurrentValue, OperationType operationType)
   at System.Windows.TreeWalkHelper.OnInheritablePropertyChanged(DependencyObject d, InheritablePropertyChangeInfo info, Boolean visitedViaVisualTree)
   at System.Windows.DescendentsWalker`1._VisitNode(DependencyObject d, Boolean visitedViaVisualTree)
   at System.Windows.DescendentsWalker`1.WalkLogicalChildren(FrameworkElement feParent, FrameworkContentElement fceParent, IEnumerator logicalChildren)
   at System.Windows.DescendentsWalker`1.WalkFrameworkElementLogicalThenVisualChildren(FrameworkElement feParent, Boolean hasLogicalChildren)
   at System.Windows.DescendentsWalker`1.IterateChildren(DependencyObject d)
   at System.Windows.DescendentsWalker`1._VisitNode(DependencyObject d, Boolean visitedViaVisualTree)
   at System.Windows.DescendentsWalker`1.WalkLogicalChildren(FrameworkElement feParent, FrameworkContentElement fceParent, IEnumerator logicalChildren)
   at System.Windows.DescendentsWalker`1.WalkFrameworkElementLogicalThenVisualChildren(FrameworkElement feParent, Boolean hasLogicalChildren)
   at System.Windows.DescendentsWalker`1.IterateChildren(DependencyObject d)
   at System.Windows.DescendentsWalker`1._VisitNode(DependencyObject d, Boolean visitedViaVisualTree)
   at System.Windows.DescendentsWalker`1.WalkLogicalChildren(FrameworkElement feParent, FrameworkContentElement fceParent, IEnumerator logicalChildren)
   at System.Windows.DescendentsWalker`1.WalkFrameworkElementLogicalThenVisualChildren(FrameworkElement feParent, Boolean hasLogicalChildren)
   at System.Windows.DescendentsWalker`1.IterateChildren(DependencyObject d)
   at System.Windows.DescendentsWalker`1._VisitNode(DependencyObject d, Boolean visitedViaVisualTree)
   at System.Windows.DescendentsWalker`1.WalkLogicalChildren(FrameworkElement feParent, FrameworkContentElement fceParent, IEnumerator logicalChildren)
   at System.Windows.DescendentsWalker`1.WalkFrameworkElementLogicalThenVisualChildren(FrameworkElement feParent, Boolean hasLogicalChildren)
   at System.Windows.DescendentsWalker`1.IterateChildren(DependencyObject d)
   at System.Windows.DescendentsWalker`1._VisitNode(DependencyObject d, Boolean visitedViaVisualTree)
   at System.Windows.DescendentsWalker`1.WalkLogicalChildren(FrameworkElement feParent, FrameworkContentElement fceParent, IEnumerator logicalChildren)
   at System.Windows.DescendentsWalker`1.WalkFrameworkElementLogicalThenVisualChildren(FrameworkElement feParent, Boolean hasLogicalChildren)
   at System.Windows.DescendentsWalker`1.IterateChildren(DependencyObject d)
   at System.Windows.DescendentsWalker`1._VisitNode(DependencyObject d, Boolean visitedViaVisualTree)
   at System.Windows.DescendentsWalker`1.WalkLogicalChildren(FrameworkElement feParent, FrameworkContentElement fceParent, IEnumerator logicalChildren)
   at System.Windows.DescendentsWalker`1.WalkFrameworkElementLogicalThenVisualChildren(FrameworkElement feParent, Boolean hasLogicalChildren)
   at System.Windows.DescendentsWalker`1.IterateChildren(DependencyObject d)
   at System.Windows.DescendentsWalker`1._VisitNode(DependencyObject d, Boolean visitedViaVisualTree)
   at System.Windows.DescendentsWalker`1.WalkLogicalChildren(FrameworkElement feParent, FrameworkContentElement fceParent, IEnumerator logicalChildren)
   at System.Windows.DescendentsWalker`1.WalkFrameworkElementLogicalThenVisualChildren(FrameworkElement feParent, Boolean hasLogicalChildren)
   at System.Windows.DescendentsWalker`1.IterateChildren(DependencyObject d)
   at System.Windows.DescendentsWalker`1._VisitNode(DependencyObject d, Boolean visitedViaVisualTree)
   at System.Windows.DescendentsWalker`1.WalkLogicalChildren(FrameworkElement feParent, FrameworkContentElement fceParent, IEnumerator logicalChildren)
   at System.Windows.DescendentsWalker`1.WalkFrameworkElementLogicalThenVisualChildren(FrameworkElement feParent, Boolean hasLogicalChildren)
   at System.Windows.DescendentsWalker`1.IterateChildren(DependencyObject d)
   at System.Windows.DescendentsWalker`1._VisitNode(DependencyObject d, Boolean visitedViaVisualTree)
   at System.Windows.DescendentsWalker`1.WalkLogicalChildren(FrameworkElement feParent, FrameworkContentElement fceParent, IEnumerator logicalChildren)
   at System.Windows.DescendentsWalker`1.WalkFrameworkElementLogicalThenVisualChildren(FrameworkElement feParent, Boolean hasLogicalChildren)
   at System.Windows.DescendentsWalker`1.IterateChildren(DependencyObject d)
   at System.Windows.DescendentsWalker`1._VisitNode(DependencyObject d, Boolean visitedViaVisualTree)
   at System.Windows.DescendentsWalker`1.WalkLogicalChildren(FrameworkElement feParent, FrameworkContentElement fceParent, IEnumerator logicalChildren)
   at System.Windows.DescendentsWalker`1.WalkFrameworkElementLogicalThenVisualChildren(FrameworkElement feParent, Boolean hasLogicalChildren)
   at System.Windows.DescendentsWalker`1.IterateChildren(DependencyObject d)
   at System.Windows.DescendentsWalker`1._VisitNode(DependencyObject d, Boolean visitedViaVisualTree)
   at System.Windows.DescendentsWalker`1.WalkLogicalChildren(FrameworkElement feParent, FrameworkContentElement fceParent, IEnumerator logicalChildren)
   at System.Windows.DescendentsWalker`1.WalkFrameworkElementLogicalThenVisualChildren(FrameworkElement feParent, Boolean hasLogicalChildren)
   at System.Windows.DescendentsWalker`1.IterateChildren(DependencyObject d)
   at System.Windows.DescendentsWalker`1._VisitNode(DependencyObject d, Boolean visitedViaVisualTree)
   at System.Windows.DescendentsWalker`1.WalkLogicalChildren(FrameworkElement feParent, FrameworkContentElement fceParent, IEnumerator logicalChildren)
   at System.Windows.DescendentsWalker`1.WalkFrameworkElementLogicalThenVisualChildren(FrameworkElement feParent, Boolean hasLogicalChildren)
   at System.Windows.DescendentsWalker`1.IterateChildren(DependencyObject d)
   at System.Windows.DescendentsWalker`1._VisitNode(DependencyObject d, Boolean visitedViaVisualTree)
   at System.Windows.DescendentsWalker`1.WalkLogicalChildren(FrameworkElement feParent, FrameworkContentElement fceParent, IEnumerator logicalChildren)
   at System.Windows.DescendentsWalker`1.WalkFrameworkElementLogicalThenVisualChildren(FrameworkElement feParent, Boolean hasLogicalChildren)
   at System.Windows.DescendentsWalker`1.IterateChildren(DependencyObject d)
   at System.Windows.DescendentsWalker`1.StartWalk(DependencyObject startNode, Boolean skipStartNode)
   at System.Windows.FrameworkElement.OnPropertyChanged(DependencyPropertyChangedEventArgs e)
   at System.Windows.DependencyObject.NotifyPropertyChange(DependencyPropertyChangedEventArgs args)
   at System.Windows.DependencyObject.UpdateEffectiveValue(EntryIndex entryIndex, DependencyProperty dp, PropertyMetadata metadata, EffectiveValueEntry oldEntry, EffectiveValueEntry& newEntry, Boolean coerceWithDeferredReference, Boolean coerceWithCurrentValue, OperationType operationType)
   at System.Windows.DependencyObject.SetValueCommon(DependencyProperty dp, Object value, PropertyMetadata metadata, Boolean coerceWithDeferredReference, Boolean coerceWithCurrentValue, OperationType operationType, Boolean isInternal)
   at System.Windows.FrameworkElement.set_DataContext(Object value)
   at UniversalTWSSync.App.MainWindow.InitializeViewModel() in D:\Budget TRACKER\universal-tws-sync\src\UniversalTWSSync.App\MainWindow.xaml.cs:line 26
   at System.Windows.Threading.ExceptionWrapper.InternalRealCall(Delegate callback, Object args, Int32 numArgs)
   at System.Windows.Threading.ExceptionWrapper.TryCatchWhen(Object source, Delegate callback, Object args, Int32 numArgs, Delegate catchHandler)
2026-05-29 14:10:16  Application startup
2026-05-29 14:10:16  Main window shown
2026-05-29 14:10:17  Dispatcher exception: System.InvalidOperationException: A TwoWay or OneWayToSource binding cannot work on the read-only property 'BatteryProgressValue' of type 'UniversalTWSSync.App.ViewModels.DeviceCardViewModel'.
   at MS.Internal.Data.PropertyPathWorker.CheckReadOnly(Object item, Object info)
   at MS.Internal.Data.PropertyPathWorker.ReplaceItem(Int32 k, Object newO, Object parent)
   at MS.Internal.Data.PropertyPathWorker.UpdateSourceValueState(Int32 k, ICollectionView collectionView, Object newValue, Boolean isASubPropertyChange)
   at MS.Internal.Data.ClrBindingWorker.AttachDataItem()
   at System.Windows.Data.BindingExpression.Activate(Object item)
   at System.Windows.Data.BindingExpression.OnDataContextChanged(DependencyObject contextElement)
   at System.Windows.Data.BindingExpression.HandlePropertyInvalidation(DependencyObject d, DependencyPropertyChangedEventArgs args)
   at System.Windows.Data.BindingExpressionBase.OnPropertyInvalidation(DependencyObject d, DependencyPropertyChangedEventArgs args)
   at System.Windows.Data.BindingExpression.OnPropertyInvalidation(DependencyObject d, DependencyPropertyChangedEventArgs args)
   at System.Windows.DependentList.InvalidateDependents(DependencyObject source, DependencyPropertyChangedEventArgs sourceArgs)
   at System.Windows.DependencyObject.NotifyPropertyChange(DependencyPropertyChangedEventArgs args)
   at System.Windows.DependencyObject.UpdateEffectiveValue(EntryIndex entryIndex, DependencyProperty dp, PropertyMetadata metadata, EffectiveValueEntry oldEntry, EffectiveValueEntry& newEntry, Boolean coerceWithDeferredReference, Boolean coerceWithCurrentValue, OperationType operationType)
   at System.Windows.TreeWalkHelper.OnInheritablePropertyChanged(DependencyObject d, InheritablePropertyChangeInfo info, Boolean visitedViaVisualTree)
   at System.Windows.DescendentsWalker`1._VisitNode(DependencyObject d, Boolean visitedViaVisualTree)
   at System.Windows.DescendentsWalker`1.WalkLogicalChildren(FrameworkElement feParent, FrameworkContentElement fceParent, IEnumerator logicalChildren)
   at System.Windows.DescendentsWalker`1.WalkFrameworkElementLogicalThenVisualChildren(FrameworkElement feParent, Boolean hasLogicalChildren)
   at System.Windows.DescendentsWalker`1.IterateChildren(DependencyObject d)
   at System.Windows.DescendentsWalker`1._VisitNode(DependencyObject d, Boolean visitedViaVisualTree)
   at System.Windows.DescendentsWalker`1.WalkLogicalChildren(FrameworkElement feParent, FrameworkContentElement fceParent, IEnumerator logicalChildren)
   at System.Windows.DescendentsWalker`1.WalkFrameworkElementLogicalThenVisualChildren(FrameworkElement feParent, Boolean hasLogicalChildren)
   at System.Windows.DescendentsWalker`1.IterateChildren(DependencyObject d)
   at System.Windows.DescendentsWalker`1._VisitNode(DependencyObject d, Boolean visitedViaVisualTree)
   at System.Windows.DescendentsWalker`1.WalkLogicalChildren(FrameworkElement feParent, FrameworkContentElement fceParent, IEnumerator logicalChildren)
   at System.Windows.DescendentsWalker`1.WalkFrameworkElementLogicalThenVisualChildren(FrameworkElement feParent, Boolean hasLogicalChildren)
   at System.Windows.DescendentsWalker`1.IterateChildren(DependencyObject d)
   at System.Windows.DescendentsWalker`1._VisitNode(DependencyObject d, Boolean visitedViaVisualTree)
   at System.Windows.DescendentsWalker`1.WalkLogicalChildren(FrameworkElement feParent, FrameworkContentElement fceParent, IEnumerator logicalChildren)
   at System.Windows.DescendentsWalker`1.WalkFrameworkElementLogicalThenVisualChildren(FrameworkElement feParent, Boolean hasLogicalChildren)
   at System.Windows.DescendentsWalker`1.IterateChildren(DependencyObject d)
   at System.Windows.DescendentsWalker`1._VisitNode(DependencyObject d, Boolean visitedViaVisualTree)
   at System.Windows.DescendentsWalker`1.WalkLogicalChildren(FrameworkElement feParent, FrameworkContentElement fceParent, IEnumerator logicalChildren)
   at System.Windows.DescendentsWalker`1.WalkFrameworkElementLogicalThenVisualChildren(FrameworkElement feParent, Boolean hasLogicalChildren)
   at System.Windows.DescendentsWalker`1.IterateChildren(DependencyObject d)
   at System.Windows.DescendentsWalker`1._VisitNode(DependencyObject d, Boolean visitedViaVisualTree)
   at System.Windows.DescendentsWalker`1.WalkLogicalChildren(FrameworkElement feParent, FrameworkContentElement fceParent, IEnumerator logicalChildren)
   at System.Windows.DescendentsWalker`1.WalkFrameworkElementLogicalThenVisualChildren(FrameworkElement feParent, Boolean hasLogicalChildren)
   at System.Windows.DescendentsWalker`1.IterateChildren(DependencyObject d)
   at System.Windows.DescendentsWalker`1._VisitNode(DependencyObject d, Boolean visitedViaVisualTree)
   at System.Windows.DescendentsWalker`1.WalkLogicalChildren(FrameworkElement feParent, FrameworkContentElement fceParent, IEnumerator logicalChildren)
   at System.Windows.DescendentsWalker`1.WalkFrameworkElementLogicalThenVisualChildren(FrameworkElement feParent, Boolean hasLogicalChildren)
   at System.Windows.DescendentsWalker`1.IterateChildren(DependencyObject d)
   at System.Windows.DescendentsWalker`1._VisitNode(DependencyObject d, Boolean visitedViaVisualTree)
   at System.Windows.DescendentsWalker`1.WalkLogicalChildren(FrameworkElement feParent, FrameworkContentElement fceParent, IEnumerator logicalChildren)
   at System.Windows.DescendentsWalker`1.WalkFrameworkElementLogicalThenVisualChildren(FrameworkElement feParent, Boolean hasLogicalChildren)
   at System.Windows.DescendentsWalker`1.IterateChildren(DependencyObject d)
   at System.Windows.DescendentsWalker`1._VisitNode(DependencyObject d, Boolean visitedViaVisualTree)
   at System.Windows.DescendentsWalker`1.WalkLogicalChildren(FrameworkElement feParent, FrameworkContentElement fceParent, IEnumerator logicalChildren)
   at System.Windows.DescendentsWalker`1.WalkFrameworkElementLogicalThenVisualChildren(FrameworkElement feParent, Boolean hasLogicalChildren)
   at System.Windows.DescendentsWalker`1.IterateChildren(DependencyObject d)
   at System.Windows.DescendentsWalker`1._VisitNode(DependencyObject d, Boolean visitedViaVisualTree)
   at System.Windows.DescendentsWalker`1.WalkLogicalChildren(FrameworkElement feParent, FrameworkContentElement fceParent, IEnumerator logicalChildren)
   at System.Windows.DescendentsWalker`1.WalkFrameworkElementLogicalThenVisualChildren(FrameworkElement feParent, Boolean hasLogicalChildren)
   at System.Windows.DescendentsWalker`1.IterateChildren(DependencyObject d)
   at System.Windows.DescendentsWalker`1._VisitNode(DependencyObject d, Boolean visitedViaVisualTree)
   at System.Windows.DescendentsWalker`1.WalkLogicalChildren(FrameworkElement feParent, FrameworkContentElement fceParent, IEnumerator logicalChildren)
   at System.Windows.DescendentsWalker`1.WalkFrameworkElementLogicalThenVisualChildren(FrameworkElement feParent, Boolean hasLogicalChildren)
   at System.Windows.DescendentsWalker`1.IterateChildren(DependencyObject d)
   at System.Windows.DescendentsWalker`1._VisitNode(DependencyObject d, Boolean visitedViaVisualTree)
   at System.Windows.DescendentsWalker`1.WalkLogicalChildren(FrameworkElement feParent, FrameworkContentElement fceParent, IEnumerator logicalChildren)
   at System.Windows.DescendentsWalker`1.WalkFrameworkElementLogicalThenVisualChildren(FrameworkElement feParent, Boolean hasLogicalChildren)
   at System.Windows.DescendentsWalker`1.IterateChildren(DependencyObject d)
   at System.Windows.DescendentsWalker`1._VisitNode(DependencyObject d, Boolean visitedViaVisualTree)
   at System.Windows.DescendentsWalker`1.WalkLogicalChildren(FrameworkElement feParent, FrameworkContentElement fceParent, IEnumerator logicalChildren)
   at System.Windows.DescendentsWalker`1.WalkFrameworkElementLogicalThenVisualChildren(FrameworkElement feParent, Boolean hasLogicalChildren)
   at System.Windows.DescendentsWalker`1.IterateChildren(DependencyObject d)
   at System.Windows.DescendentsWalker`1.StartWalk(DependencyObject startNode, Boolean skipStartNode)
   at System.Windows.FrameworkElement.OnPropertyChanged(DependencyPropertyChangedEventArgs e)
   at System.Windows.DependencyObject.NotifyPropertyChange(DependencyPropertyChangedEventArgs args)
   at System.Windows.DependencyObject.UpdateEffectiveValue(EntryIndex entryIndex, DependencyProperty dp, PropertyMetadata metadata, EffectiveValueEntry oldEntry, EffectiveValueEntry& newEntry, Boolean coerceWithDeferredReference, Boolean coerceWithCurrentValue, OperationType operationType)
   at System.Windows.DependencyObject.SetValueCommon(DependencyProperty dp, Object value, PropertyMetadata metadata, Boolean coerceWithDeferredReference, Boolean coerceWithCurrentValue, OperationType operationType, Boolean isInternal)
   at System.Windows.FrameworkElement.set_DataContext(Object value)
   at UniversalTWSSync.App.MainWindow.InitializeViewModel() in D:\Budget TRACKER\universal-tws-sync\src\UniversalTWSSync.App\MainWindow.xaml.cs:line 26
   at System.Windows.Threading.ExceptionWrapper.InternalRealCall(Delegate callback, Object args, Int32 numArgs)
   at System.Windows.Threading.ExceptionWrapper.TryCatchWhen(Object source, Delegate callback, Object args, Int32 numArgs, Delegate catchHandler)
2026-05-29 14:10:40  Application startup
2026-05-29 14:10:41  Main window shown
2026-05-29 14:10:42  Dispatcher exception: System.InvalidOperationException: A TwoWay or OneWayToSource binding cannot work on the read-only property 'BatteryProgressValue' of type 'UniversalTWSSync.App.ViewModels.DeviceCardViewModel'.
   at MS.Internal.Data.PropertyPathWorker.CheckReadOnly(Object item, Object info)
   at MS.Internal.Data.PropertyPathWorker.ReplaceItem(Int32 k, Object newO, Object parent)
   at MS.Internal.Data.PropertyPathWorker.UpdateSourceValueState(Int32 k, ICollectionView collectionView, Object newValue, Boolean isASubPropertyChange)
   at MS.Internal.Data.ClrBindingWorker.AttachDataItem()
   at System.Windows.Data.BindingExpression.Activate(Object item)
   at System.Windows.Data.BindingExpression.OnDataContextChanged(DependencyObject contextElement)
   at System.Windows.Data.BindingExpression.HandlePropertyInvalidation(DependencyObject d, DependencyPropertyChangedEventArgs args)
   at System.Windows.Data.BindingExpressionBase.OnPropertyInvalidation(DependencyObject d, DependencyPropertyChangedEventArgs args)
   at System.Windows.Data.BindingExpression.OnPropertyInvalidation(DependencyObject d, DependencyPropertyChangedEventArgs args)
   at System.Windows.DependentList.InvalidateDependents(DependencyObject source, DependencyPropertyChangedEventArgs sourceArgs)
   at System.Windows.DependencyObject.NotifyPropertyChange(DependencyPropertyChangedEventArgs args)
   at System.Windows.DependencyObject.UpdateEffectiveValue(EntryIndex entryIndex, DependencyProperty dp, PropertyMetadata metadata, EffectiveValueEntry oldEntry, EffectiveValueEntry& newEntry, Boolean coerceWithDeferredReference, Boolean coerceWithCurrentValue, OperationType operationType)
   at System.Windows.TreeWalkHelper.OnInheritablePropertyChanged(DependencyObject d, InheritablePropertyChangeInfo info, Boolean visitedViaVisualTree)
   at System.Windows.DescendentsWalker`1._VisitNode(DependencyObject d, Boolean visitedViaVisualTree)
   at System.Windows.DescendentsWalker`1.WalkLogicalChildren(FrameworkElement feParent, FrameworkContentElement fceParent, IEnumerator logicalChildren)
   at System.Windows.DescendentsWalker`1.WalkFrameworkElementLogicalThenVisualChildren(FrameworkElement feParent, Boolean hasLogicalChildren)
   at System.Windows.DescendentsWalker`1.IterateChildren(DependencyObject d)
   at System.Windows.DescendentsWalker`1._VisitNode(DependencyObject d, Boolean visitedViaVisualTree)
   at System.Windows.DescendentsWalker`1.WalkLogicalChildren(FrameworkElement feParent, FrameworkContentElement fceParent, IEnumerator logicalChildren)
   at System.Windows.DescendentsWalker`1.WalkFrameworkElementLogicalThenVisualChildren(FrameworkElement feParent, Boolean hasLogicalChildren)
   at System.Windows.DescendentsWalker`1.IterateChildren(DependencyObject d)
   at System.Windows.DescendentsWalker`1._VisitNode(DependencyObject d, Boolean visitedViaVisualTree)
   at System.Windows.DescendentsWalker`1.WalkLogicalChildren(FrameworkElement feParent, FrameworkContentElement fceParent, IEnumerator logicalChildren)
   at System.Windows.DescendentsWalker`1.WalkFrameworkElementLogicalThenVisualChildren(FrameworkElement feParent, Boolean hasLogicalChildren)
   at System.Windows.DescendentsWalker`1.IterateChildren(DependencyObject d)
   at System.Windows.DescendentsWalker`1._VisitNode(DependencyObject d, Boolean visitedViaVisualTree)
   at System.Windows.DescendentsWalker`1.WalkLogicalChildren(FrameworkElement feParent, FrameworkContentElement fceParent, IEnumerator logicalChildren)
   at System.Windows.DescendentsWalker`1.WalkFrameworkElementLogicalThenVisualChildren(FrameworkElement feParent, Boolean hasLogicalChildren)
   at System.Windows.DescendentsWalker`1.IterateChildren(DependencyObject d)
   at System.Windows.DescendentsWalker`1._VisitNode(DependencyObject d, Boolean visitedViaVisualTree)
   at System.Windows.DescendentsWalker`1.WalkLogicalChildren(FrameworkElement feParent, FrameworkContentElement fceParent, IEnumerator logicalChildren)
   at System.Windows.DescendentsWalker`1.WalkFrameworkElementLogicalThenVisualChildren(FrameworkElement feParent, Boolean hasLogicalChildren)
   at System.Windows.DescendentsWalker`1.IterateChildren(DependencyObject d)
   at System.Windows.DescendentsWalker`1._VisitNode(DependencyObject d, Boolean visitedViaVisualTree)
   at System.Windows.DescendentsWalker`1.WalkLogicalChildren(FrameworkElement feParent, FrameworkContentElement fceParent, IEnumerator logicalChildren)
   at System.Windows.DescendentsWalker`1.WalkFrameworkElementLogicalThenVisualChildren(FrameworkElement feParent, Boolean hasLogicalChildren)
   at System.Windows.DescendentsWalker`1.IterateChildren(DependencyObject d)
   at System.Windows.DescendentsWalker`1._VisitNode(DependencyObject d, Boolean visitedViaVisualTree)
   at System.Windows.DescendentsWalker`1.WalkLogicalChildren(FrameworkElement feParent, FrameworkContentElement fceParent, IEnumerator logicalChildren)
   at System.Windows.DescendentsWalker`1.WalkFrameworkElementLogicalThenVisualChildren(FrameworkElement feParent, Boolean hasLogicalChildren)
   at System.Windows.DescendentsWalker`1.IterateChildren(DependencyObject d)
   at System.Windows.DescendentsWalker`1._VisitNode(DependencyObject d, Boolean visitedViaVisualTree)
   at System.Windows.DescendentsWalker`1.WalkLogicalChildren(FrameworkElement feParent, FrameworkContentElement fceParent, IEnumerator logicalChildren)
   at System.Windows.DescendentsWalker`1.WalkFrameworkElementLogicalThenVisualChildren(FrameworkElement feParent, Boolean hasLogicalChildren)
   at System.Windows.DescendentsWalker`1.IterateChildren(DependencyObject d)
   at System.Windows.DescendentsWalker`1._VisitNode(DependencyObject d, Boolean visitedViaVisualTree)
   at System.Windows.DescendentsWalker`1.WalkLogicalChildren(FrameworkElement feParent, FrameworkContentElement fceParent, IEnumerator logicalChildren)
   at System.Windows.DescendentsWalker`1.WalkFrameworkElementLogicalThenVisualChildren(FrameworkElement feParent, Boolean hasLogicalChildren)
   at System.Windows.DescendentsWalker`1.IterateChildren(DependencyObject d)
   at System.Windows.DescendentsWalker`1._VisitNode(DependencyObject d, Boolean visitedViaVisualTree)
   at System.Windows.DescendentsWalker`1.WalkLogicalChildren(FrameworkElement feParent, FrameworkContentElement fceParent, IEnumerator logicalChildren)
   at System.Windows.DescendentsWalker`1.WalkFrameworkElementLogicalThenVisualChildren(FrameworkElement feParent, Boolean hasLogicalChildren)
   at System.Windows.DescendentsWalker`1.IterateChildren(DependencyObject d)
   at System.Windows.DescendentsWalker`1._VisitNode(DependencyObject d, Boolean visitedViaVisualTree)
   at System.Windows.DescendentsWalker`1.WalkLogicalChildren(FrameworkElement feParent, FrameworkContentElement fceParent, IEnumerator logicalChildren)
   at System.Windows.DescendentsWalker`1.WalkFrameworkElementLogicalThenVisualChildren(FrameworkElement feParent, Boolean hasLogicalChildren)
   at System.Windows.DescendentsWalker`1.IterateChildren(DependencyObject d)
   at System.Windows.DescendentsWalker`1._VisitNode(DependencyObject d, Boolean visitedViaVisualTree)
   at System.Windows.DescendentsWalker`1.WalkLogicalChildren(FrameworkElement feParent, FrameworkContentElement fceParent, IEnumerator logicalChildren)
   at System.Windows.DescendentsWalker`1.WalkFrameworkElementLogicalThenVisualChildren(FrameworkElement feParent, Boolean hasLogicalChildren)
   at System.Windows.DescendentsWalker`1.IterateChildren(DependencyObject d)
   at System.Windows.DescendentsWalker`1._VisitNode(DependencyObject d, Boolean visitedViaVisualTree)
   at System.Windows.DescendentsWalker`1.WalkLogicalChildren(FrameworkElement feParent, FrameworkContentElement fceParent, IEnumerator logicalChildren)
   at System.Windows.DescendentsWalker`1.WalkFrameworkElementLogicalThenVisualChildren(FrameworkElement feParent, Boolean hasLogicalChildren)
   at System.Windows.DescendentsWalker`1.IterateChildren(DependencyObject d)
   at System.Windows.DescendentsWalker`1.StartWalk(DependencyObject startNode, Boolean skipStartNode)
   at System.Windows.FrameworkElement.OnPropertyChanged(DependencyPropertyChangedEventArgs e)
   at System.Windows.DependencyObject.NotifyPropertyChange(DependencyPropertyChangedEventArgs args)
   at System.Windows.DependencyObject.UpdateEffectiveValue(EntryIndex entryIndex, DependencyProperty dp, PropertyMetadata metadata, EffectiveValueEntry oldEntry, EffectiveValueEntry& newEntry, Boolean coerceWithDeferredReference, Boolean coerceWithCurrentValue, OperationType operationType)
   at System.Windows.DependencyObject.SetValueCommon(DependencyProperty dp, Object value, PropertyMetadata metadata, Boolean coerceWithDeferredReference, Boolean coerceWithCurrentValue, OperationType operationType, Boolean isInternal)
   at System.Windows.FrameworkElement.set_DataContext(Object value)
   at UniversalTWSSync.App.MainWindow.InitializeViewModel() in D:\Budget TRACKER\universal-tws-sync\src\UniversalTWSSync.App\MainWindow.xaml.cs:line 26
   at System.Windows.Threading.ExceptionWrapper.InternalRealCall(Delegate callback, Object args, Int32 numArgs)
   at System.Windows.Threading.ExceptionWrapper.TryCatchWhen(Object source, Delegate callback, Object args, Int32 numArgs, Delegate catchHandler)
2026-05-29 14:11:17  Application startup
2026-05-29 14:11:18  Main window shown
2026-05-29 14:11:19  Dispatcher exception: System.InvalidOperationException: A TwoWay or OneWayToSource binding cannot work on the read-only property 'BatteryProgressValue' of type 'UniversalTWSSync.App.ViewModels.DeviceCardViewModel'.
   at MS.Internal.Data.PropertyPathWorker.CheckReadOnly(Object item, Object info)
   at MS.Internal.Data.PropertyPathWorker.ReplaceItem(Int32 k, Object newO, Object parent)
   at MS.Internal.Data.PropertyPathWorker.UpdateSourceValueState(Int32 k, ICollectionView collectionView, Object newValue, Boolean isASubPropertyChange)
   at MS.Internal.Data.ClrBindingWorker.AttachDataItem()
   at System.Windows.Data.BindingExpression.Activate(Object item)
   at System.Windows.Data.BindingExpression.OnDataContextChanged(DependencyObject contextElement)
   at System.Windows.Data.BindingExpression.HandlePropertyInvalidation(DependencyObject d, DependencyPropertyChangedEventArgs args)
   at System.Windows.Data.BindingExpressionBase.OnPropertyInvalidation(DependencyObject d, DependencyPropertyChangedEventArgs args)
   at System.Windows.Data.BindingExpression.OnPropertyInvalidation(DependencyObject d, DependencyPropertyChangedEventArgs args)
   at System.Windows.DependentList.InvalidateDependents(DependencyObject source, DependencyPropertyChangedEventArgs sourceArgs)
   at System.Windows.DependencyObject.NotifyPropertyChange(DependencyPropertyChangedEventArgs args)
   at System.Windows.DependencyObject.UpdateEffectiveValue(EntryIndex entryIndex, DependencyProperty dp, PropertyMetadata metadata, EffectiveValueEntry oldEntry, EffectiveValueEntry& newEntry, Boolean coerceWithDeferredReference, Boolean coerceWithCurrentValue, OperationType operationType)
   at System.Windows.TreeWalkHelper.OnInheritablePropertyChanged(DependencyObject d, InheritablePropertyChangeInfo info, Boolean visitedViaVisualTree)
   at System.Windows.DescendentsWalker`1._VisitNode(DependencyObject d, Boolean visitedViaVisualTree)
   at System.Windows.DescendentsWalker`1.WalkLogicalChildren(FrameworkElement feParent, FrameworkContentElement fceParent, IEnumerator logicalChildren)
   at System.Windows.DescendentsWalker`1.WalkFrameworkElementLogicalThenVisualChildren(FrameworkElement feParent, Boolean hasLogicalChildren)
   at System.Windows.DescendentsWalker`1.IterateChildren(DependencyObject d)
   at System.Windows.DescendentsWalker`1._VisitNode(DependencyObject d, Boolean visitedViaVisualTree)
   at System.Windows.DescendentsWalker`1.WalkLogicalChildren(FrameworkElement feParent, FrameworkContentElement fceParent, IEnumerator logicalChildren)
   at System.Windows.DescendentsWalker`1.WalkFrameworkElementLogicalThenVisualChildren(FrameworkElement feParent, Boolean hasLogicalChildren)
   at System.Windows.DescendentsWalker`1.IterateChildren(DependencyObject d)
   at System.Windows.DescendentsWalker`1._VisitNode(DependencyObject d, Boolean visitedViaVisualTree)
   at System.Windows.DescendentsWalker`1.WalkLogicalChildren(FrameworkElement feParent, FrameworkContentElement fceParent, IEnumerator logicalChildren)
   at System.Windows.DescendentsWalker`1.WalkFrameworkElementLogicalThenVisualChildren(FrameworkElement feParent, Boolean hasLogicalChildren)
   at System.Windows.DescendentsWalker`1.IterateChildren(DependencyObject d)
   at System.Windows.DescendentsWalker`1._VisitNode(DependencyObject d, Boolean visitedViaVisualTree)
   at System.Windows.DescendentsWalker`1.WalkLogicalChildren(FrameworkElement feParent, FrameworkContentElement fceParent, IEnumerator logicalChildren)
   at System.Windows.DescendentsWalker`1.WalkFrameworkElementLogicalThenVisualChildren(FrameworkElement feParent, Boolean hasLogicalChildren)
   at System.Windows.DescendentsWalker`1.IterateChildren(DependencyObject d)
   at System.Windows.DescendentsWalker`1._VisitNode(DependencyObject d, Boolean visitedViaVisualTree)
   at System.Windows.DescendentsWalker`1.WalkLogicalChildren(FrameworkElement feParent, FrameworkContentElement fceParent, IEnumerator logicalChildren)
   at System.Windows.DescendentsWalker`1.WalkFrameworkElementLogicalThenVisualChildren(FrameworkElement feParent, Boolean hasLogicalChildren)
   at System.Windows.DescendentsWalker`1.IterateChildren(DependencyObject d)
   at System.Windows.DescendentsWalker`1._VisitNode(DependencyObject d, Boolean visitedViaVisualTree)
   at System.Windows.DescendentsWalker`1.WalkLogicalChildren(FrameworkElement feParent, FrameworkContentElement fceParent, IEnumerator logicalChildren)
   at System.Windows.DescendentsWalker`1.WalkFrameworkElementLogicalThenVisualChildren(FrameworkElement feParent, Boolean hasLogicalChildren)
   at System.Windows.DescendentsWalker`1.IterateChildren(DependencyObject d)
   at System.Windows.DescendentsWalker`1._VisitNode(DependencyObject d, Boolean visitedViaVisualTree)
   at System.Windows.DescendentsWalker`1.WalkLogicalChildren(FrameworkElement feParent, FrameworkContentElement fceParent, IEnumerator logicalChildren)
   at System.Windows.DescendentsWalker`1.WalkFrameworkElementLogicalThenVisualChildren(FrameworkElement feParent, Boolean hasLogicalChildren)
   at System.Windows.DescendentsWalker`1.IterateChildren(DependencyObject d)
   at System.Windows.DescendentsWalker`1._VisitNode(DependencyObject d, Boolean visitedViaVisualTree)
   at System.Windows.DescendentsWalker`1.WalkLogicalChildren(FrameworkElement feParent, FrameworkContentElement fceParent, IEnumerator logicalChildren)
   at System.Windows.DescendentsWalker`1.WalkFrameworkElementLogicalThenVisualChildren(FrameworkElement feParent, Boolean hasLogicalChildren)
   at System.Windows.DescendentsWalker`1.IterateChildren(DependencyObject d)
   at System.Windows.DescendentsWalker`1._VisitNode(DependencyObject d, Boolean visitedViaVisualTree)
   at System.Windows.DescendentsWalker`1.WalkLogicalChildren(FrameworkElement feParent, FrameworkContentElement fceParent, IEnumerator logicalChildren)
   at System.Windows.DescendentsWalker`1.WalkFrameworkElementLogicalThenVisualChildren(FrameworkElement feParent, Boolean hasLogicalChildren)
   at System.Windows.DescendentsWalker`1.IterateChildren(DependencyObject d)
   at System.Windows.DescendentsWalker`1._VisitNode(DependencyObject d, Boolean visitedViaVisualTree)
   at System.Windows.DescendentsWalker`1.WalkLogicalChildren(FrameworkElement feParent, FrameworkContentElement fceParent, IEnumerator logicalChildren)
   at System.Windows.DescendentsWalker`1.WalkFrameworkElementLogicalThenVisualChildren(FrameworkElement feParent, Boolean hasLogicalChildren)
   at System.Windows.DescendentsWalker`1.IterateChildren(DependencyObject d)
   at System.Windows.DescendentsWalker`1._VisitNode(DependencyObject d, Boolean visitedViaVisualTree)
   at System.Windows.DescendentsWalker`1.WalkLogicalChildren(FrameworkElement feParent, FrameworkContentElement fceParent, IEnumerator logicalChildren)
   at System.Windows.DescendentsWalker`1.WalkFrameworkElementLogicalThenVisualChildren(FrameworkElement feParent, Boolean hasLogicalChildren)
   at System.Windows.DescendentsWalker`1.IterateChildren(DependencyObject d)
   at System.Windows.DescendentsWalker`1._VisitNode(DependencyObject d, Boolean visitedViaVisualTree)
   at System.Windows.DescendentsWalker`1.WalkLogicalChildren(FrameworkElement feParent, FrameworkContentElement fceParent, IEnumerator logicalChildren)
   at System.Windows.DescendentsWalker`1.WalkFrameworkElementLogicalThenVisualChildren(FrameworkElement feParent, Boolean hasLogicalChildren)
   at System.Windows.DescendentsWalker`1.IterateChildren(DependencyObject d)
   at System.Windows.DescendentsWalker`1._VisitNode(DependencyObject d, Boolean visitedViaVisualTree)
   at System.Windows.DescendentsWalker`1.WalkLogicalChildren(FrameworkElement feParent, FrameworkContentElement fceParent, IEnumerator logicalChildren)
   at System.Windows.DescendentsWalker`1.WalkFrameworkElementLogicalThenVisualChildren(FrameworkElement feParent, Boolean hasLogicalChildren)
   at System.Windows.DescendentsWalker`1.IterateChildren(DependencyObject d)
   at System.Windows.DescendentsWalker`1.StartWalk(DependencyObject startNode, Boolean skipStartNode)
   at System.Windows.FrameworkElement.OnPropertyChanged(DependencyPropertyChangedEventArgs e)
   at System.Windows.DependencyObject.NotifyPropertyChange(DependencyPropertyChangedEventArgs args)
   at System.Windows.DependencyObject.UpdateEffectiveValue(EntryIndex entryIndex, DependencyProperty dp, PropertyMetadata metadata, EffectiveValueEntry oldEntry, EffectiveValueEntry& newEntry, Boolean coerceWithDeferredReference, Boolean coerceWithCurrentValue, OperationType operationType)
   at System.Windows.DependencyObject.SetValueCommon(DependencyProperty dp, Object value, PropertyMetadata metadata, Boolean coerceWithDeferredReference, Boolean coerceWithCurrentValue, OperationType operationType, Boolean isInternal)
   at System.Windows.FrameworkElement.set_DataContext(Object value)
   at UniversalTWSSync.App.MainWindow.InitializeViewModel() in D:\Budget TRACKER\universal-tws-sync\src\UniversalTWSSync.App\MainWindow.xaml.cs:line 26
   at System.Windows.Threading.ExceptionWrapper.InternalRealCall(Delegate callback, Object args, Int32 numArgs)
   at System.Windows.Threading.ExceptionWrapper.TryCatchWhen(Object source, Delegate callback, Object args, Int32 numArgs, Delegate catchHandler)
2026-05-29 14:11:25  Application startup
2026-05-29 14:11:25  Main window shown
2026-05-29 14:11:26  Dispatcher exception: System.InvalidOperationException: A TwoWay or OneWayToSource binding cannot work on the read-only property 'BatteryProgressValue' of type 'UniversalTWSSync.App.ViewModels.DeviceCardViewModel'.
   at MS.Internal.Data.PropertyPathWorker.CheckReadOnly(Object item, Object info)
   at MS.Internal.Data.PropertyPathWorker.ReplaceItem(Int32 k, Object newO, Object parent)
   at MS.Internal.Data.PropertyPathWorker.UpdateSourceValueState(Int32 k, ICollectionView collectionView, Object newValue, Boolean isASubPropertyChange)
   at MS.Internal.Data.ClrBindingWorker.AttachDataItem()
   at System.Windows.Data.BindingExpression.Activate(Object item)
   at System.Windows.Data.BindingExpression.OnDataContextChanged(DependencyObject contextElement)
   at System.Windows.Data.BindingExpression.HandlePropertyInvalidation(DependencyObject d, DependencyPropertyChangedEventArgs args)
   at System.Windows.Data.BindingExpressionBase.OnPropertyInvalidation(DependencyObject d, DependencyPropertyChangedEventArgs args)
   at System.Windows.Data.BindingExpression.OnPropertyInvalidation(DependencyObject d, DependencyPropertyChangedEventArgs args)
   at System.Windows.DependentList.InvalidateDependents(DependencyObject source, DependencyPropertyChangedEventArgs sourceArgs)
   at System.Windows.DependencyObject.NotifyPropertyChange(DependencyPropertyChangedEventArgs args)
   at System.Windows.DependencyObject.UpdateEffectiveValue(EntryIndex entryIndex, DependencyProperty dp, PropertyMetadata metadata, EffectiveValueEntry oldEntry, EffectiveValueEntry& newEntry, Boolean coerceWithDeferredReference, Boolean coerceWithCurrentValue, OperationType operationType)
   at System.Windows.TreeWalkHelper.OnInheritablePropertyChanged(DependencyObject d, InheritablePropertyChangeInfo info, Boolean visitedViaVisualTree)
   at System.Windows.DescendentsWalker`1._VisitNode(DependencyObject d, Boolean visitedViaVisualTree)
   at System.Windows.DescendentsWalker`1.WalkLogicalChildren(FrameworkElement feParent, FrameworkContentElement fceParent, IEnumerator logicalChildren)
   at System.Windows.DescendentsWalker`1.WalkFrameworkElementLogicalThenVisualChildren(FrameworkElement feParent, Boolean hasLogicalChildren)
   at System.Windows.DescendentsWalker`1.IterateChildren(DependencyObject d)
   at System.Windows.DescendentsWalker`1._VisitNode(DependencyObject d, Boolean visitedViaVisualTree)
   at System.Windows.DescendentsWalker`1.WalkLogicalChildren(FrameworkElement feParent, FrameworkContentElement fceParent, IEnumerator logicalChildren)
   at System.Windows.DescendentsWalker`1.WalkFrameworkElementLogicalThenVisualChildren(FrameworkElement feParent, Boolean hasLogicalChildren)
   at System.Windows.DescendentsWalker`1.IterateChildren(DependencyObject d)
   at System.Windows.DescendentsWalker`1._VisitNode(DependencyObject d, Boolean visitedViaVisualTree)
   at System.Windows.DescendentsWalker`1.WalkLogicalChildren(FrameworkElement feParent, FrameworkContentElement fceParent, IEnumerator logicalChildren)
   at System.Windows.DescendentsWalker`1.WalkFrameworkElementLogicalThenVisualChildren(FrameworkElement feParent, Boolean hasLogicalChildren)
   at System.Windows.DescendentsWalker`1.IterateChildren(DependencyObject d)
   at System.Windows.DescendentsWalker`1._VisitNode(DependencyObject d, Boolean visitedViaVisualTree)
   at System.Windows.DescendentsWalker`1.WalkLogicalChildren(FrameworkElement feParent, FrameworkContentElement fceParent, IEnumerator logicalChildren)
   at System.Windows.DescendentsWalker`1.WalkFrameworkElementLogicalThenVisualChildren(FrameworkElement feParent, Boolean hasLogicalChildren)
   at System.Windows.DescendentsWalker`1.IterateChildren(DependencyObject d)
   at System.Windows.DescendentsWalker`1._VisitNode(DependencyObject d, Boolean visitedViaVisualTree)
   at System.Windows.DescendentsWalker`1.WalkLogicalChildren(FrameworkElement feParent, FrameworkContentElement fceParent, IEnumerator logicalChildren)
   at System.Windows.DescendentsWalker`1.WalkFrameworkElementLogicalThenVisualChildren(FrameworkElement feParent, Boolean hasLogicalChildren)
   at System.Windows.DescendentsWalker`1.IterateChildren(DependencyObject d)
   at System.Windows.DescendentsWalker`1._VisitNode(DependencyObject d, Boolean visitedViaVisualTree)
   at System.Windows.DescendentsWalker`1.WalkLogicalChildren(FrameworkElement feParent, FrameworkContentElement fceParent, IEnumerator logicalChildren)
   at System.Windows.DescendentsWalker`1.WalkFrameworkElementLogicalThenVisualChildren(FrameworkElement feParent, Boolean hasLogicalChildren)
   at System.Windows.DescendentsWalker`1.IterateChildren(DependencyObject d)
   at System.Windows.DescendentsWalker`1._VisitNode(DependencyObject d, Boolean visitedViaVisualTree)
   at System.Windows.DescendentsWalker`1.WalkLogicalChildren(FrameworkElement feParent, FrameworkContentElement fceParent, IEnumerator logicalChildren)
   at System.Windows.DescendentsWalker`1.WalkFrameworkElementLogicalThenVisualChildren(FrameworkElement feParent, Boolean hasLogicalChildren)
   at System.Windows.DescendentsWalker`1.IterateChildren(DependencyObject d)
   at System.Windows.DescendentsWalker`1._VisitNode(DependencyObject d, Boolean visitedViaVisualTree)
   at System.Windows.DescendentsWalker`1.WalkLogicalChildren(FrameworkElement feParent, FrameworkContentElement fceParent, IEnumerator logicalChildren)
   at System.Windows.DescendentsWalker`1.WalkFrameworkElementLogicalThenVisualChildren(FrameworkElement feParent, Boolean hasLogicalChildren)
   at System.Windows.DescendentsWalker`1.IterateChildren(DependencyObject d)
   at System.Windows.DescendentsWalker`1._VisitNode(DependencyObject d, Boolean visitedViaVisualTree)
   at System.Windows.DescendentsWalker`1.WalkLogicalChildren(FrameworkElement feParent, FrameworkContentElement fceParent, IEnumerator logicalChildren)
   at System.Windows.DescendentsWalker`1.WalkFrameworkElementLogicalThenVisualChildren(FrameworkElement feParent, Boolean hasLogicalChildren)
   at System.Windows.DescendentsWalker`1.IterateChildren(DependencyObject d)
   at System.Windows.DescendentsWalker`1._VisitNode(DependencyObject d, Boolean visitedViaVisualTree)
   at System.Windows.DescendentsWalker`1.WalkLogicalChildren(FrameworkElement feParent, FrameworkContentElement fceParent, IEnumerator logicalChildren)
   at System.Windows.DescendentsWalker`1.WalkFrameworkElementLogicalThenVisualChildren(FrameworkElement feParent, Boolean hasLogicalChildren)
   at System.Windows.DescendentsWalker`1.IterateChildren(DependencyObject d)
   at System.Windows.DescendentsWalker`1._VisitNode(DependencyObject d, Boolean visitedViaVisualTree)
   at System.Windows.DescendentsWalker`1.WalkLogicalChildren(FrameworkElement feParent, FrameworkContentElement fceParent, IEnumerator logicalChildren)
   at System.Windows.DescendentsWalker`1.WalkFrameworkElementLogicalThenVisualChildren(FrameworkElement feParent, Boolean hasLogicalChildren)
   at System.Windows.DescendentsWalker`1.IterateChildren(DependencyObject d)
   at System.Windows.DescendentsWalker`1._VisitNode(DependencyObject d, Boolean visitedViaVisualTree)
   at System.Windows.DescendentsWalker`1.WalkLogicalChildren(FrameworkElement feParent, FrameworkContentElement fceParent, IEnumerator logicalChildren)
   at System.Windows.DescendentsWalker`1.WalkFrameworkElementLogicalThenVisualChildren(FrameworkElement feParent, Boolean hasLogicalChildren)
   at System.Windows.DescendentsWalker`1.IterateChildren(DependencyObject d)
   at System.Windows.DescendentsWalker`1._VisitNode(DependencyObject d, Boolean visitedViaVisualTree)
   at System.Windows.DescendentsWalker`1.WalkLogicalChildren(FrameworkElement feParent, FrameworkContentElement fceParent, IEnumerator logicalChildren)
   at System.Windows.DescendentsWalker`1.WalkFrameworkElementLogicalThenVisualChildren(FrameworkElement feParent, Boolean hasLogicalChildren)
   at System.Windows.DescendentsWalker`1.IterateChildren(DependencyObject d)
   at System.Windows.DescendentsWalker`1.StartWalk(DependencyObject startNode, Boolean skipStartNode)
   at System.Windows.FrameworkElement.OnPropertyChanged(DependencyPropertyChangedEventArgs e)
   at System.Windows.DependencyObject.NotifyPropertyChange(DependencyPropertyChangedEventArgs args)
   at System.Windows.DependencyObject.UpdateEffectiveValue(EntryIndex entryIndex, DependencyProperty dp, PropertyMetadata metadata, EffectiveValueEntry oldEntry, EffectiveValueEntry& newEntry, Boolean coerceWithDeferredReference, Boolean coerceWithCurrentValue, OperationType operationType)
   at System.Windows.DependencyObject.SetValueCommon(DependencyProperty dp, Object value, PropertyMetadata metadata, Boolean coerceWithDeferredReference, Boolean coerceWithCurrentValue, OperationType operationType, Boolean isInternal)
   at System.Windows.FrameworkElement.set_DataContext(Object value)
   at UniversalTWSSync.App.MainWindow.InitializeViewModel() in D:\Budget TRACKER\universal-tws-sync\src\UniversalTWSSync.App\MainWindow.xaml.cs:line 26
   at System.Windows.Threading.ExceptionWrapper.InternalRealCall(Delegate callback, Object args, Int32 numArgs)
   at System.Windows.Threading.ExceptionWrapper.TryCatchWhen(Object source, Delegate callback, Object args, Int32 numArgs, Delegate catchHandler)
2026-05-29 14:12:11  Application startup
2026-05-29 14:12:11  Main window shown
2026-05-29 14:12:12  Dispatcher exception: System.InvalidOperationException: A TwoWay or OneWayToSource binding cannot work on the read-only property 'BatteryProgressValue' of type 'UniversalTWSSync.App.ViewModels.DeviceCardViewModel'.
   at MS.Internal.Data.PropertyPathWorker.CheckReadOnly(Object item, Object info)
   at MS.Internal.Data.PropertyPathWorker.ReplaceItem(Int32 k, Object newO, Object parent)
   at MS.Internal.Data.PropertyPathWorker.UpdateSourceValueState(Int32 k, ICollectionView collectionView, Object newValue, Boolean isASubPropertyChange)
   at MS.Internal.Data.ClrBindingWorker.AttachDataItem()
   at System.Windows.Data.BindingExpression.Activate(Object item)
   at System.Windows.Data.BindingExpression.OnDataContextChanged(DependencyObject contextElement)
   at System.Windows.Data.BindingExpression.HandlePropertyInvalidation(DependencyObject d, DependencyPropertyChangedEventArgs args)
   at System.Windows.Data.BindingExpressionBase.OnPropertyInvalidation(DependencyObject d, DependencyPropertyChangedEventArgs args)
   at System.Windows.Data.BindingExpression.OnPropertyInvalidation(DependencyObject d, DependencyPropertyChangedEventArgs args)
   at System.Windows.DependentList.InvalidateDependents(DependencyObject source, DependencyPropertyChangedEventArgs sourceArgs)
   at System.Windows.DependencyObject.NotifyPropertyChange(DependencyPropertyChangedEventArgs args)
   at System.Windows.DependencyObject.UpdateEffectiveValue(EntryIndex entryIndex, DependencyProperty dp, PropertyMetadata metadata, EffectiveValueEntry oldEntry, EffectiveValueEntry& newEntry, Boolean coerceWithDeferredReference, Boolean coerceWithCurrentValue, OperationType operationType)
   at System.Windows.TreeWalkHelper.OnInheritablePropertyChanged(DependencyObject d, InheritablePropertyChangeInfo info, Boolean visitedViaVisualTree)
   at System.Windows.DescendentsWalker`1._VisitNode(DependencyObject d, Boolean visitedViaVisualTree)
   at System.Windows.DescendentsWalker`1.WalkLogicalChildren(FrameworkElement feParent, FrameworkContentElement fceParent, IEnumerator logicalChildren)
   at System.Windows.DescendentsWalker`1.WalkFrameworkElementLogicalThenVisualChildren(FrameworkElement feParent, Boolean hasLogicalChildren)
   at System.Windows.DescendentsWalker`1.IterateChildren(DependencyObject d)
   at System.Windows.DescendentsWalker`1._VisitNode(DependencyObject d, Boolean visitedViaVisualTree)
   at System.Windows.DescendentsWalker`1.WalkLogicalChildren(FrameworkElement feParent, FrameworkContentElement fceParent, IEnumerator logicalChildren)
   at System.Windows.DescendentsWalker`1.WalkFrameworkElementLogicalThenVisualChildren(FrameworkElement feParent, Boolean hasLogicalChildren)
   at System.Windows.DescendentsWalker`1.IterateChildren(DependencyObject d)
   at System.Windows.DescendentsWalker`1._VisitNode(DependencyObject d, Boolean visitedViaVisualTree)
   at System.Windows.DescendentsWalker`1.WalkLogicalChildren(FrameworkElement feParent, FrameworkContentElement fceParent, IEnumerator logicalChildren)
   at System.Windows.DescendentsWalker`1.WalkFrameworkElementLogicalThenVisualChildren(FrameworkElement feParent, Boolean hasLogicalChildren)
   at System.Windows.DescendentsWalker`1.IterateChildren(DependencyObject d)
   at System.Windows.DescendentsWalker`1._VisitNode(DependencyObject d, Boolean visitedViaVisualTree)
   at System.Windows.DescendentsWalker`1.WalkLogicalChildren(FrameworkElement feParent, FrameworkContentElement fceParent, IEnumerator logicalChildren)
   at System.Windows.DescendentsWalker`1.WalkFrameworkElementLogicalThenVisualChildren(FrameworkElement feParent, Boolean hasLogicalChildren)
   at System.Windows.DescendentsWalker`1.IterateChildren(DependencyObject d)
   at System.Windows.DescendentsWalker`1._VisitNode(DependencyObject d, Boolean visitedViaVisualTree)
   at System.Windows.DescendentsWalker`1.WalkLogicalChildren(FrameworkElement feParent, FrameworkContentElement fceParent, IEnumerator logicalChildren)
   at System.Windows.DescendentsWalker`1.WalkFrameworkElementLogicalThenVisualChildren(FrameworkElement feParent, Boolean hasLogicalChildren)
   at System.Windows.DescendentsWalker`1.IterateChildren(DependencyObject d)
   at System.Windows.DescendentsWalker`1._VisitNode(DependencyObject d, Boolean visitedViaVisualTree)
   at System.Windows.DescendentsWalker`1.WalkLogicalChildren(FrameworkElement feParent, FrameworkContentElement fceParent, IEnumerator logicalChildren)
   at System.Windows.DescendentsWalker`1.WalkFrameworkElementLogicalThenVisualChildren(FrameworkElement feParent, Boolean hasLogicalChildren)
   at System.Windows.DescendentsWalker`1.IterateChildren(DependencyObject d)
   at System.Windows.DescendentsWalker`1._VisitNode(DependencyObject d, Boolean visitedViaVisualTree)
   at System.Windows.DescendentsWalker`1.WalkLogicalChildren(FrameworkElement feParent, FrameworkContentElement fceParent, IEnumerator logicalChildren)
   at System.Windows.DescendentsWalker`1.WalkFrameworkElementLogicalThenVisualChildren(FrameworkElement feParent, Boolean hasLogicalChildren)
   at System.Windows.DescendentsWalker`1.IterateChildren(DependencyObject d)
   at System.Windows.DescendentsWalker`1._VisitNode(DependencyObject d, Boolean visitedViaVisualTree)
   at System.Windows.DescendentsWalker`1.WalkLogicalChildren(FrameworkElement feParent, FrameworkContentElement fceParent, IEnumerator logicalChildren)
   at System.Windows.DescendentsWalker`1.WalkFrameworkElementLogicalThenVisualChildren(FrameworkElement feParent, Boolean hasLogicalChildren)
   at System.Windows.DescendentsWalker`1.IterateChildren(DependencyObject d)
   at System.Windows.DescendentsWalker`1._VisitNode(DependencyObject d, Boolean visitedViaVisualTree)
   at System.Windows.DescendentsWalker`1.WalkLogicalChildren(FrameworkElement feParent, FrameworkContentElement fceParent, IEnumerator logicalChildren)
   at System.Windows.DescendentsWalker`1.WalkFrameworkElementLogicalThenVisualChildren(FrameworkElement feParent, Boolean hasLogicalChildren)
   at System.Windows.DescendentsWalker`1.IterateChildren(DependencyObject d)
   at System.Windows.DescendentsWalker`1._VisitNode(DependencyObject d, Boolean visitedViaVisualTree)
   at System.Windows.DescendentsWalker`1.WalkLogicalChildren(FrameworkElement feParent, FrameworkContentElement fceParent, IEnumerator logicalChildren)
   at System.Windows.DescendentsWalker`1.WalkFrameworkElementLogicalThenVisualChildren(FrameworkElement feParent, Boolean hasLogicalChildren)
   at System.Windows.DescendentsWalker`1.IterateChildren(DependencyObject d)
   at System.Windows.DescendentsWalker`1._VisitNode(DependencyObject d, Boolean visitedViaVisualTree)
   at System.Windows.DescendentsWalker`1.WalkLogicalChildren(FrameworkElement feParent, FrameworkContentElement fceParent, IEnumerator logicalChildren)
   at System.Windows.DescendentsWalker`1.WalkFrameworkElementLogicalThenVisualChildren(FrameworkElement feParent, Boolean hasLogicalChildren)
   at System.Windows.DescendentsWalker`1.IterateChildren(DependencyObject d)
   at System.Windows.DescendentsWalker`1._VisitNode(DependencyObject d, Boolean visitedViaVisualTree)
   at System.Windows.DescendentsWalker`1.WalkLogicalChildren(FrameworkElement feParent, FrameworkContentElement fceParent, IEnumerator logicalChildren)
   at System.Windows.DescendentsWalker`1.WalkFrameworkElementLogicalThenVisualChildren(FrameworkElement feParent, Boolean hasLogicalChildren)
   at System.Windows.DescendentsWalker`1.IterateChildren(DependencyObject d)
   at System.Windows.DescendentsWalker`1._VisitNode(DependencyObject d, Boolean visitedViaVisualTree)
   at System.Windows.DescendentsWalker`1.WalkLogicalChildren(FrameworkElement feParent, FrameworkContentElement fceParent, IEnumerator logicalChildren)
   at System.Windows.DescendentsWalker`1.WalkFrameworkElementLogicalThenVisualChildren(FrameworkElement feParent, Boolean hasLogicalChildren)
   at System.Windows.DescendentsWalker`1.IterateChildren(DependencyObject d)
   at System.Windows.DescendentsWalker`1.StartWalk(DependencyObject startNode, Boolean skipStartNode)
   at System.Windows.FrameworkElement.OnPropertyChanged(DependencyPropertyChangedEventArgs e)
   at System.Windows.DependencyObject.NotifyPropertyChange(DependencyPropertyChangedEventArgs args)
   at System.Windows.DependencyObject.UpdateEffectiveValue(EntryIndex entryIndex, DependencyProperty dp, PropertyMetadata metadata, EffectiveValueEntry oldEntry, EffectiveValueEntry& newEntry, Boolean coerceWithDeferredReference, Boolean coerceWithCurrentValue, OperationType operationType)
   at System.Windows.DependencyObject.SetValueCommon(DependencyProperty dp, Object value, PropertyMetadata metadata, Boolean coerceWithDeferredReference, Boolean coerceWithCurrentValue, OperationType operationType, Boolean isInternal)
   at System.Windows.FrameworkElement.set_DataContext(Object value)
   at UniversalTWSSync.App.MainWindow.InitializeViewModel() in D:\Budget TRACKER\universal-tws-sync\src\UniversalTWSSync.App\MainWindow.xaml.cs:line 26
   at System.Windows.Threading.ExceptionWrapper.InternalRealCall(Delegate callback, Object args, Int32 numArgs)
   at System.Windows.Threading.ExceptionWrapper.TryCatchWhen(Object source, Delegate callback, Object args, Int32 numArgs, Delegate catchHandler)
2026-05-29 14:16:21  Application startup
2026-05-29 14:16:22  Main window shown
2026-05-29 14:16:24  Dispatcher exception: System.InvalidOperationException: A TwoWay or OneWayToSource binding cannot work on the read-only property 'BatteryProgressValue' of type 'UniversalTWSSync.App.ViewModels.DeviceCardViewModel'.
   at MS.Internal.Data.PropertyPathWorker.CheckReadOnly(Object item, Object info)
   at MS.Internal.Data.PropertyPathWorker.ReplaceItem(Int32 k, Object newO, Object parent)
   at MS.Internal.Data.PropertyPathWorker.UpdateSourceValueState(Int32 k, ICollectionView collectionView, Object newValue, Boolean isASubPropertyChange)
   at MS.Internal.Data.ClrBindingWorker.AttachDataItem()
   at System.Windows.Data.BindingExpression.Activate(Object item)
   at System.Windows.Data.BindingExpression.OnDataContextChanged(DependencyObject contextElement)
   at System.Windows.Data.BindingExpression.HandlePropertyInvalidation(DependencyObject d, DependencyPropertyChangedEventArgs args)
   at System.Windows.Data.BindingExpressionBase.OnPropertyInvalidation(DependencyObject d, DependencyPropertyChangedEventArgs args)
   at System.Windows.Data.BindingExpression.OnPropertyInvalidation(DependencyObject d, DependencyPropertyChangedEventArgs args)
   at System.Windows.DependentList.InvalidateDependents(DependencyObject source, DependencyPropertyChangedEventArgs sourceArgs)
   at System.Windows.DependencyObject.NotifyPropertyChange(DependencyPropertyChangedEventArgs args)
   at System.Windows.DependencyObject.UpdateEffectiveValue(EntryIndex entryIndex, DependencyProperty dp, PropertyMetadata metadata, EffectiveValueEntry oldEntry, EffectiveValueEntry& newEntry, Boolean coerceWithDeferredReference, Boolean coerceWithCurrentValue, OperationType operationType)
   at System.Windows.TreeWalkHelper.OnInheritablePropertyChanged(DependencyObject d, InheritablePropertyChangeInfo info, Boolean visitedViaVisualTree)
   at System.Windows.DescendentsWalker`1._VisitNode(DependencyObject d, Boolean visitedViaVisualTree)
   at System.Windows.DescendentsWalker`1.WalkLogicalChildren(FrameworkElement feParent, FrameworkContentElement fceParent, IEnumerator logicalChildren)
   at System.Windows.DescendentsWalker`1.WalkFrameworkElementLogicalThenVisualChildren(FrameworkElement feParent, Boolean hasLogicalChildren)
   at System.Windows.DescendentsWalker`1.IterateChildren(DependencyObject d)
   at System.Windows.DescendentsWalker`1._VisitNode(DependencyObject d, Boolean visitedViaVisualTree)
   at System.Windows.DescendentsWalker`1.WalkLogicalChildren(FrameworkElement feParent, FrameworkContentElement fceParent, IEnumerator logicalChildren)
   at System.Windows.DescendentsWalker`1.WalkFrameworkElementLogicalThenVisualChildren(FrameworkElement feParent, Boolean hasLogicalChildren)
   at System.Windows.DescendentsWalker`1.IterateChildren(DependencyObject d)
   at System.Windows.DescendentsWalker`1._VisitNode(DependencyObject d, Boolean visitedViaVisualTree)
   at System.Windows.DescendentsWalker`1.WalkLogicalChildren(FrameworkElement feParent, FrameworkContentElement fceParent, IEnumerator logicalChildren)
   at System.Windows.DescendentsWalker`1.WalkFrameworkElementLogicalThenVisualChildren(FrameworkElement feParent, Boolean hasLogicalChildren)
   at System.Windows.DescendentsWalker`1.IterateChildren(DependencyObject d)
   at System.Windows.DescendentsWalker`1._VisitNode(DependencyObject d, Boolean visitedViaVisualTree)
   at System.Windows.DescendentsWalker`1.WalkLogicalChildren(FrameworkElement feParent, FrameworkContentElement fceParent, IEnumerator logicalChildren)
   at System.Windows.DescendentsWalker`1.WalkFrameworkElementLogicalThenVisualChildren(FrameworkElement feParent, Boolean hasLogicalChildren)
   at System.Windows.DescendentsWalker`1.IterateChildren(DependencyObject d)
   at System.Windows.DescendentsWalker`1._VisitNode(DependencyObject d, Boolean visitedViaVisualTree)
   at System.Windows.DescendentsWalker`1.WalkLogicalChildren(FrameworkElement feParent, FrameworkContentElement fceParent, IEnumerator logicalChildren)
   at System.Windows.DescendentsWalker`1.WalkFrameworkElementLogicalThenVisualChildren(FrameworkElement feParent, Boolean hasLogicalChildren)
   at System.Windows.DescendentsWalker`1.IterateChildren(DependencyObject d)
   at System.Windows.DescendentsWalker`1._VisitNode(DependencyObject d, Boolean visitedViaVisualTree)
   at System.Windows.DescendentsWalker`1.WalkLogicalChildren(FrameworkElement feParent, FrameworkContentElement fceParent, IEnumerator logicalChildren)
   at System.Windows.DescendentsWalker`1.WalkFrameworkElementLogicalThenVisualChildren(FrameworkElement feParent, Boolean hasLogicalChildren)
   at System.Windows.DescendentsWalker`1.IterateChildren(DependencyObject d)
   at System.Windows.DescendentsWalker`1._VisitNode(DependencyObject d, Boolean visitedViaVisualTree)
   at System.Windows.DescendentsWalker`1.WalkLogicalChildren(FrameworkElement feParent, FrameworkContentElement fceParent, IEnumerator logicalChildren)
   at System.Windows.DescendentsWalker`1.WalkFrameworkElementLogicalThenVisualChildren(FrameworkElement feParent, Boolean hasLogicalChildren)
   at System.Windows.DescendentsWalker`1.IterateChildren(DependencyObject d)
   at System.Windows.DescendentsWalker`1._VisitNode(DependencyObject d, Boolean visitedViaVisualTree)
   at System.Windows.DescendentsWalker`1.WalkLogicalChildren(FrameworkElement feParent, FrameworkContentElement fceParent, IEnumerator logicalChildren)
   at System.Windows.DescendentsWalker`1.WalkFrameworkElementLogicalThenVisualChildren(FrameworkElement feParent, Boolean hasLogicalChildren)
   at System.Windows.DescendentsWalker`1.IterateChildren(DependencyObject d)
   at System.Windows.DescendentsWalker`1._VisitNode(DependencyObject d, Boolean visitedViaVisualTree)
   at System.Windows.DescendentsWalker`1.WalkLogicalChildren(FrameworkElement feParent, FrameworkContentElement fceParent, IEnumerator logicalChildren)
   at System.Windows.DescendentsWalker`1.WalkFrameworkElementLogicalThenVisualChildren(FrameworkElement feParent, Boolean hasLogicalChildren)
   at System.Windows.DescendentsWalker`1.IterateChildren(DependencyObject d)
   at System.Windows.DescendentsWalker`1._VisitNode(DependencyObject d, Boolean visitedViaVisualTree)
   at System.Windows.DescendentsWalker`1.WalkLogicalChildren(FrameworkElement feParent, FrameworkContentElement fceParent, IEnumerator logicalChildren)
   at System.Windows.DescendentsWalker`1.WalkFrameworkElementLogicalThenVisualChildren(FrameworkElement feParent, Boolean hasLogicalChildren)
   at System.Windows.DescendentsWalker`1.IterateChildren(DependencyObject d)
   at System.Windows.DescendentsWalker`1._VisitNode(DependencyObject d, Boolean visitedViaVisualTree)
   at System.Windows.DescendentsWalker`1.WalkLogicalChildren(FrameworkElement feParent, FrameworkContentElement fceParent, IEnumerator logicalChildren)
   at System.Windows.DescendentsWalker`1.WalkFrameworkElementLogicalThenVisualChildren(FrameworkElement feParent, Boolean hasLogicalChildren)
   at System.Windows.DescendentsWalker`1.IterateChildren(DependencyObject d)
   at System.Windows.DescendentsWalker`1._VisitNode(DependencyObject d, Boolean visitedViaVisualTree)
   at System.Windows.DescendentsWalker`1.WalkLogicalChildren(FrameworkElement feParent, FrameworkContentElement fceParent, IEnumerator logicalChildren)
   at System.Windows.DescendentsWalker`1.WalkFrameworkElementLogicalThenVisualChildren(FrameworkElement feParent, Boolean hasLogicalChildren)
   at System.Windows.DescendentsWalker`1.IterateChildren(DependencyObject d)
   at System.Windows.DescendentsWalker`1._VisitNode(DependencyObject d, Boolean visitedViaVisualTree)
   at System.Windows.DescendentsWalker`1.WalkLogicalChildren(FrameworkElement feParent, FrameworkContentElement fceParent, IEnumerator logicalChildren)
   at System.Windows.DescendentsWalker`1.WalkFrameworkElementLogicalThenVisualChildren(FrameworkElement feParent, Boolean hasLogicalChildren)
   at System.Windows.DescendentsWalker`1.IterateChildren(DependencyObject d)
   at System.Windows.DescendentsWalker`1.StartWalk(DependencyObject startNode, Boolean skipStartNode)
   at System.Windows.FrameworkElement.OnPropertyChanged(DependencyPropertyChangedEventArgs e)
   at System.Windows.DependencyObject.NotifyPropertyChange(DependencyPropertyChangedEventArgs args)
   at System.Windows.DependencyObject.UpdateEffectiveValue(EntryIndex entryIndex, DependencyProperty dp, PropertyMetadata metadata, EffectiveValueEntry oldEntry, EffectiveValueEntry& newEntry, Boolean coerceWithDeferredReference, Boolean coerceWithCurrentValue, OperationType operationType)
   at System.Windows.DependencyObject.SetValueCommon(DependencyProperty dp, Object value, PropertyMetadata metadata, Boolean coerceWithDeferredReference, Boolean coerceWithCurrentValue, OperationType operationType, Boolean isInternal)
   at System.Windows.FrameworkElement.set_DataContext(Object value)
   at UniversalTWSSync.App.MainWindow.InitializeViewModel() in D:\Budget TRACKER\universal-tws-sync\src\UniversalTWSSync.App\MainWindow.xaml.cs:line 26
   at System.Windows.Threading.ExceptionWrapper.InternalRealCall(Delegate callback, Object args, Int32 numArgs)
   at System.Windows.Threading.ExceptionWrapper.TryCatchWhen(Object source, Delegate callback, Object args, Int32 numArgs, Delegate catchHandler)
2026-05-29 14:19:32  Application startup
2026-05-29 14:19:33  Main window shown
2026-05-29 14:19:35  Dispatcher exception: System.InvalidOperationException: A TwoWay or OneWayToSource binding cannot work on the read-only property 'BatteryProgressValue' of type 'UniversalTWSSync.App.ViewModels.DeviceCardViewModel'.
   at MS.Internal.Data.PropertyPathWorker.CheckReadOnly(Object item, Object info)
   at MS.Internal.Data.PropertyPathWorker.ReplaceItem(Int32 k, Object newO, Object parent)
   at MS.Internal.Data.PropertyPathWorker.UpdateSourceValueState(Int32 k, ICollectionView collectionView, Object newValue, Boolean isASubPropertyChange)
   at MS.Internal.Data.ClrBindingWorker.AttachDataItem()
   at System.Windows.Data.BindingExpression.Activate(Object item)
   at System.Windows.Data.BindingExpression.OnDataContextChanged(DependencyObject contextElement)
   at System.Windows.Data.BindingExpression.HandlePropertyInvalidation(DependencyObject d, DependencyPropertyChangedEventArgs args)
   at System.Windows.Data.BindingExpressionBase.OnPropertyInvalidation(DependencyObject d, DependencyPropertyChangedEventArgs args)
   at System.Windows.Data.BindingExpression.OnPropertyInvalidation(DependencyObject d, DependencyPropertyChangedEventArgs args)
   at System.Windows.DependentList.InvalidateDependents(DependencyObject source, DependencyPropertyChangedEventArgs sourceArgs)
   at System.Windows.DependencyObject.NotifyPropertyChange(DependencyPropertyChangedEventArgs args)
   at System.Windows.DependencyObject.UpdateEffectiveValue(EntryIndex entryIndex, DependencyProperty dp, PropertyMetadata metadata, EffectiveValueEntry oldEntry, EffectiveValueEntry& newEntry, Boolean coerceWithDeferredReference, Boolean coerceWithCurrentValue, OperationType operationType)
   at System.Windows.TreeWalkHelper.OnInheritablePropertyChanged(DependencyObject d, InheritablePropertyChangeInfo info, Boolean visitedViaVisualTree)
   at System.Windows.DescendentsWalker`1._VisitNode(DependencyObject d, Boolean visitedViaVisualTree)
   at System.Windows.DescendentsWalker`1.WalkLogicalChildren(FrameworkElement feParent, FrameworkContentElement fceParent, IEnumerator logicalChildren)
   at System.Windows.DescendentsWalker`1.WalkFrameworkElementLogicalThenVisualChildren(FrameworkElement feParent, Boolean hasLogicalChildren)
   at System.Windows.DescendentsWalker`1.IterateChildren(DependencyObject d)
   at System.Windows.DescendentsWalker`1._VisitNode(DependencyObject d, Boolean visitedViaVisualTree)
   at System.Windows.DescendentsWalker`1.WalkLogicalChildren(FrameworkElement feParent, FrameworkContentElement fceParent, IEnumerator logicalChildren)
   at System.Windows.DescendentsWalker`1.WalkFrameworkElementLogicalThenVisualChildren(FrameworkElement feParent, Boolean hasLogicalChildren)
   at System.Windows.DescendentsWalker`1.IterateChildren(DependencyObject d)
   at System.Windows.DescendentsWalker`1._VisitNode(DependencyObject d, Boolean visitedViaVisualTree)
   at System.Windows.DescendentsWalker`1.WalkLogicalChildren(FrameworkElement feParent, FrameworkContentElement fceParent, IEnumerator logicalChildren)
   at System.Windows.DescendentsWalker`1.WalkFrameworkElementLogicalThenVisualChildren(FrameworkElement feParent, Boolean hasLogicalChildren)
   at System.Windows.DescendentsWalker`1.IterateChildren(DependencyObject d)
   at System.Windows.DescendentsWalker`1._VisitNode(DependencyObject d, Boolean visitedViaVisualTree)
   at System.Windows.DescendentsWalker`1.WalkLogicalChildren(FrameworkElement feParent, FrameworkContentElement fceParent, IEnumerator logicalChildren)
   at System.Windows.DescendentsWalker`1.WalkFrameworkElementLogicalThenVisualChildren(FrameworkElement feParent, Boolean hasLogicalChildren)
   at System.Windows.DescendentsWalker`1.IterateChildren(DependencyObject d)
   at System.Windows.DescendentsWalker`1._VisitNode(DependencyObject d, Boolean visitedViaVisualTree)
   at System.Windows.DescendentsWalker`1.WalkLogicalChildren(FrameworkElement feParent, FrameworkContentElement fceParent, IEnumerator logicalChildren)
   at System.Windows.DescendentsWalker`1.WalkFrameworkElementLogicalThenVisualChildren(FrameworkElement feParent, Boolean hasLogicalChildren)
   at System.Windows.DescendentsWalker`1.IterateChildren(DependencyObject d)
   at System.Windows.DescendentsWalker`1._VisitNode(DependencyObject d, Boolean visitedViaVisualTree)
   at System.Windows.DescendentsWalker`1.WalkLogicalChildren(FrameworkElement feParent, FrameworkContentElement fceParent, IEnumerator logicalChildren)
   at System.Windows.DescendentsWalker`1.WalkFrameworkElementLogicalThenVisualChildren(FrameworkElement feParent, Boolean hasLogicalChildren)
   at System.Windows.DescendentsWalker`1.IterateChildren(DependencyObject d)
   at System.Windows.DescendentsWalker`1._VisitNode(DependencyObject d, Boolean visitedViaVisualTree)
   at System.Windows.DescendentsWalker`1.WalkLogicalChildren(FrameworkElement feParent, FrameworkContentElement fceParent, IEnumerator logicalChildren)
   at System.Windows.DescendentsWalker`1.WalkFrameworkElementLogicalThenVisualChildren(FrameworkElement feParent, Boolean hasLogicalChildren)
   at System.Windows.DescendentsWalker`1.IterateChildren(DependencyObject d)
   at System.Windows.DescendentsWalker`1._VisitNode(DependencyObject d, Boolean visitedViaVisualTree)
   at System.Windows.DescendentsWalker`1.WalkLogicalChildren(FrameworkElement feParent, FrameworkContentElement fceParent, IEnumerator logicalChildren)
   at System.Windows.DescendentsWalker`1.WalkFrameworkElementLogicalThenVisualChildren(FrameworkElement feParent, Boolean hasLogicalChildren)
   at System.Windows.DescendentsWalker`1.IterateChildren(DependencyObject d)
   at System.Windows.DescendentsWalker`1._VisitNode(DependencyObject d, Boolean visitedViaVisualTree)
   at System.Windows.DescendentsWalker`1.WalkLogicalChildren(FrameworkElement feParent, FrameworkContentElement fceParent, IEnumerator logicalChildren)
   at System.Windows.DescendentsWalker`1.WalkFrameworkElementLogicalThenVisualChildren(FrameworkElement feParent, Boolean hasLogicalChildren)
   at System.Windows.DescendentsWalker`1.IterateChildren(DependencyObject d)
   at System.Windows.DescendentsWalker`1._VisitNode(DependencyObject d, Boolean visitedViaVisualTree)
   at System.Windows.DescendentsWalker`1.WalkLogicalChildren(FrameworkElement feParent, FrameworkContentElement fceParent, IEnumerator logicalChildren)
   at System.Windows.DescendentsWalker`1.WalkFrameworkElementLogicalThenVisualChildren(FrameworkElement feParent, Boolean hasLogicalChildren)
   at System.Windows.DescendentsWalker`1.IterateChildren(DependencyObject d)
   at System.Windows.DescendentsWalker`1._VisitNode(DependencyObject d, Boolean visitedViaVisualTree)
   at System.Windows.DescendentsWalker`1.WalkLogicalChildren(FrameworkElement feParent, FrameworkContentElement fceParent, IEnumerator logicalChildren)
   at System.Windows.DescendentsWalker`1.WalkFrameworkElementLogicalThenVisualChildren(FrameworkElement feParent, Boolean hasLogicalChildren)
   at System.Windows.DescendentsWalker`1.IterateChildren(DependencyObject d)
   at System.Windows.DescendentsWalker`1._VisitNode(DependencyObject d, Boolean visitedViaVisualTree)
   at System.Windows.DescendentsWalker`1.WalkLogicalChildren(FrameworkElement feParent, FrameworkContentElement fceParent, IEnumerator logicalChildren)
   at System.Windows.DescendentsWalker`1.WalkFrameworkElementLogicalThenVisualChildren(FrameworkElement feParent, Boolean hasLogicalChildren)
   at System.Windows.DescendentsWalker`1.IterateChildren(DependencyObject d)
   at System.Windows.DescendentsWalker`1._VisitNode(DependencyObject d, Boolean visitedViaVisualTree)
   at System.Windows.DescendentsWalker`1.WalkLogicalChildren(FrameworkElement feParent, FrameworkContentElement fceParent, IEnumerator logicalChildren)
   at System.Windows.DescendentsWalker`1.WalkFrameworkElementLogicalThenVisualChildren(FrameworkElement feParent, Boolean hasLogicalChildren)
   at System.Windows.DescendentsWalker`1.IterateChildren(DependencyObject d)
   at System.Windows.DescendentsWalker`1.StartWalk(DependencyObject startNode, Boolean skipStartNode)
   at System.Windows.FrameworkElement.OnPropertyChanged(DependencyPropertyChangedEventArgs e)
   at System.Windows.DependencyObject.NotifyPropertyChange(DependencyPropertyChangedEventArgs args)
   at System.Windows.DependencyObject.UpdateEffectiveValue(EntryIndex entryIndex, DependencyProperty dp, PropertyMetadata metadata, EffectiveValueEntry oldEntry, EffectiveValueEntry& newEntry, Boolean coerceWithDeferredReference, Boolean coerceWithCurrentValue, OperationType operationType)
   at System.Windows.DependencyObject.SetValueCommon(DependencyProperty dp, Object value, PropertyMetadata metadata, Boolean coerceWithDeferredReference, Boolean coerceWithCurrentValue, OperationType operationType, Boolean isInternal)
   at System.Windows.FrameworkElement.set_DataContext(Object value)
   at UniversalTWSSync.App.MainWindow.InitializeViewModel() in D:\Budget TRACKER\universal-tws-sync\src\UniversalTWSSync.App\MainWindow.xaml.cs:line 26
   at System.Windows.Threading.ExceptionWrapper.InternalRealCall(Delegate callback, Object args, Int32 numArgs)
   at System.Windows.Threading.ExceptionWrapper.TryCatchWhen(Object source, Delegate callback, Object args, Int32 numArgs, Delegate catchHandler)
2026-05-29 14:21:00  Application startup
2026-05-29 14:21:00  Main window shown
2026-05-29 14:21:02  Dispatcher exception: System.InvalidOperationException: A TwoWay or OneWayToSource binding cannot work on the read-only property 'BatteryProgressValue' of type 'UniversalTWSSync.App.ViewModels.DeviceCardViewModel'.
   at MS.Internal.Data.PropertyPathWorker.CheckReadOnly(Object item, Object info)
   at MS.Internal.Data.PropertyPathWorker.ReplaceItem(Int32 k, Object newO, Object parent)
   at MS.Internal.Data.PropertyPathWorker.UpdateSourceValueState(Int32 k, ICollectionView collectionView, Object newValue, Boolean isASubPropertyChange)
   at MS.Internal.Data.ClrBindingWorker.AttachDataItem()
   at System.Windows.Data.BindingExpression.Activate(Object item)
   at System.Windows.Data.BindingExpression.OnDataContextChanged(DependencyObject contextElement)
   at System.Windows.Data.BindingExpression.HandlePropertyInvalidation(DependencyObject d, DependencyPropertyChangedEventArgs args)
   at System.Windows.Data.BindingExpressionBase.OnPropertyInvalidation(DependencyObject d, DependencyPropertyChangedEventArgs args)
   at System.Windows.Data.BindingExpression.OnPropertyInvalidation(DependencyObject d, DependencyPropertyChangedEventArgs args)
   at System.Windows.DependentList.InvalidateDependents(DependencyObject source, DependencyPropertyChangedEventArgs sourceArgs)
   at System.Windows.DependencyObject.NotifyPropertyChange(DependencyPropertyChangedEventArgs args)
   at System.Windows.DependencyObject.UpdateEffectiveValue(EntryIndex entryIndex, DependencyProperty dp, PropertyMetadata metadata, EffectiveValueEntry oldEntry, EffectiveValueEntry& newEntry, Boolean coerceWithDeferredReference, Boolean coerceWithCurrentValue, OperationType operationType)
   at System.Windows.TreeWalkHelper.OnInheritablePropertyChanged(DependencyObject d, InheritablePropertyChangeInfo info, Boolean visitedViaVisualTree)
   at System.Windows.DescendentsWalker`1._VisitNode(DependencyObject d, Boolean visitedViaVisualTree)
   at System.Windows.DescendentsWalker`1.WalkLogicalChildren(FrameworkElement feParent, FrameworkContentElement fceParent, IEnumerator logicalChildren)
   at System.Windows.DescendentsWalker`1.WalkFrameworkElementLogicalThenVisualChildren(FrameworkElement feParent, Boolean hasLogicalChildren)
   at System.Windows.DescendentsWalker`1.IterateChildren(DependencyObject d)
   at System.Windows.DescendentsWalker`1._VisitNode(DependencyObject d, Boolean visitedViaVisualTree)
   at System.Windows.DescendentsWalker`1.WalkLogicalChildren(FrameworkElement feParent, FrameworkContentElement fceParent, IEnumerator logicalChildren)
   at System.Windows.DescendentsWalker`1.WalkFrameworkElementLogicalThenVisualChildren(FrameworkElement feParent, Boolean hasLogicalChildren)
   at System.Windows.DescendentsWalker`1.IterateChildren(DependencyObject d)
   at System.Windows.DescendentsWalker`1._VisitNode(DependencyObject d, Boolean visitedViaVisualTree)
   at System.Windows.DescendentsWalker`1.WalkLogicalChildren(FrameworkElement feParent, FrameworkContentElement fceParent, IEnumerator logicalChildren)
   at System.Windows.DescendentsWalker`1.WalkFrameworkElementLogicalThenVisualChildren(FrameworkElement feParent, Boolean hasLogicalChildren)
   at System.Windows.DescendentsWalker`1.IterateChildren(DependencyObject d)
   at System.Windows.DescendentsWalker`1._VisitNode(DependencyObject d, Boolean visitedViaVisualTree)
   at System.Windows.DescendentsWalker`1.WalkLogicalChildren(FrameworkElement feParent, FrameworkContentElement fceParent, IEnumerator logicalChildren)
   at System.Windows.DescendentsWalker`1.WalkFrameworkElementLogicalThenVisualChildren(FrameworkElement feParent, Boolean hasLogicalChildren)
   at System.Windows.DescendentsWalker`1.IterateChildren(DependencyObject d)
   at System.Windows.DescendentsWalker`1._VisitNode(DependencyObject d, Boolean visitedViaVisualTree)
   at System.Windows.DescendentsWalker`1.WalkLogicalChildren(FrameworkElement feParent, FrameworkContentElement fceParent, IEnumerator logicalChildren)
   at System.Windows.DescendentsWalker`1.WalkFrameworkElementLogicalThenVisualChildren(FrameworkElement feParent, Boolean hasLogicalChildren)
   at System.Windows.DescendentsWalker`1.IterateChildren(DependencyObject d)
   at System.Windows.DescendentsWalker`1._VisitNode(DependencyObject d, Boolean visitedViaVisualTree)
   at System.Windows.DescendentsWalker`1.WalkLogicalChildren(FrameworkElement feParent, FrameworkContentElement fceParent, IEnumerator logicalChildren)
   at System.Windows.DescendentsWalker`1.WalkFrameworkElementLogicalThenVisualChildren(FrameworkElement feParent, Boolean hasLogicalChildren)
   at System.Windows.DescendentsWalker`1.IterateChildren(DependencyObject d)
   at System.Windows.DescendentsWalker`1._VisitNode(DependencyObject d, Boolean visitedViaVisualTree)
   at System.Windows.DescendentsWalker`1.WalkLogicalChildren(FrameworkElement feParent, FrameworkContentElement fceParent, IEnumerator logicalChildren)
   at System.Windows.DescendentsWalker`1.WalkFrameworkElementLogicalThenVisualChildren(FrameworkElement feParent, Boolean hasLogicalChildren)
   at System.Windows.DescendentsWalker`1.IterateChildren(DependencyObject d)
   at System.Windows.DescendentsWalker`1._VisitNode(DependencyObject d, Boolean visitedViaVisualTree)
   at System.Windows.DescendentsWalker`1.WalkLogicalChildren(FrameworkElement feParent, FrameworkContentElement fceParent, IEnumerator logicalChildren)
   at System.Windows.DescendentsWalker`1.WalkFrameworkElementLogicalThenVisualChildren(FrameworkElement feParent, Boolean hasLogicalChildren)
   at System.Windows.DescendentsWalker`1.IterateChildren(DependencyObject d)
   at System.Windows.DescendentsWalker`1._VisitNode(DependencyObject d, Boolean visitedViaVisualTree)
   at System.Windows.DescendentsWalker`1.WalkLogicalChildren(FrameworkElement feParent, FrameworkContentElement fceParent, IEnumerator logicalChildren)
   at System.Windows.DescendentsWalker`1.WalkFrameworkElementLogicalThenVisualChildren(FrameworkElement feParent, Boolean hasLogicalChildren)
   at System.Windows.DescendentsWalker`1.IterateChildren(DependencyObject d)
   at System.Windows.DescendentsWalker`1._VisitNode(DependencyObject d, Boolean visitedViaVisualTree)
   at System.Windows.DescendentsWalker`1.WalkLogicalChildren(FrameworkElement feParent, FrameworkContentElement fceParent, IEnumerator logicalChildren)
   at System.Windows.DescendentsWalker`1.WalkFrameworkElementLogicalThenVisualChildren(FrameworkElement feParent, Boolean hasLogicalChildren)
   at System.Windows.DescendentsWalker`1.IterateChildren(DependencyObject d)
   at System.Windows.DescendentsWalker`1._VisitNode(DependencyObject d, Boolean visitedViaVisualTree)
   at System.Windows.DescendentsWalker`1.WalkLogicalChildren(FrameworkElement feParent, FrameworkContentElement fceParent, IEnumerator logicalChildren)
   at System.Windows.DescendentsWalker`1.WalkFrameworkElementLogicalThenVisualChildren(FrameworkElement feParent, Boolean hasLogicalChildren)
   at System.Windows.DescendentsWalker`1.IterateChildren(DependencyObject d)
   at System.Windows.DescendentsWalker`1._VisitNode(DependencyObject d, Boolean visitedViaVisualTree)
   at System.Windows.DescendentsWalker`1.WalkLogicalChildren(FrameworkElement feParent, FrameworkContentElement fceParent, IEnumerator logicalChildren)
   at System.Windows.DescendentsWalker`1.WalkFrameworkElementLogicalThenVisualChildren(FrameworkElement feParent, Boolean hasLogicalChildren)
   at System.Windows.DescendentsWalker`1.IterateChildren(DependencyObject d)
   at System.Windows.DescendentsWalker`1._VisitNode(DependencyObject d, Boolean visitedViaVisualTree)
   at System.Windows.DescendentsWalker`1.WalkLogicalChildren(FrameworkElement feParent, FrameworkContentElement fceParent, IEnumerator logicalChildren)
   at System.Windows.DescendentsWalker`1.WalkFrameworkElementLogicalThenVisualChildren(FrameworkElement feParent, Boolean hasLogicalChildren)
   at System.Windows.DescendentsWalker`1.IterateChildren(DependencyObject d)
   at System.Windows.DescendentsWalker`1.StartWalk(DependencyObject startNode, Boolean skipStartNode)
   at System.Windows.FrameworkElement.OnPropertyChanged(DependencyPropertyChangedEventArgs e)
   at System.Windows.DependencyObject.NotifyPropertyChange(DependencyPropertyChangedEventArgs args)
   at System.Windows.DependencyObject.UpdateEffectiveValue(EntryIndex entryIndex, DependencyProperty dp, PropertyMetadata metadata, EffectiveValueEntry oldEntry, EffectiveValueEntry& newEntry, Boolean coerceWithDeferredReference, Boolean coerceWithCurrentValue, OperationType operationType)
   at System.Windows.DependencyObject.SetValueCommon(DependencyProperty dp, Object value, PropertyMetadata metadata, Boolean coerceWithDeferredReference, Boolean coerceWithCurrentValue, OperationType operationType, Boolean isInternal)
   at System.Windows.FrameworkElement.set_DataContext(Object value)
   at UniversalTWSSync.App.MainWindow.InitializeViewModel() in D:\Budget TRACKER\universal-tws-sync\src\UniversalTWSSync.App\MainWindow.xaml.cs:line 26
   at System.Windows.Threading.ExceptionWrapper.InternalRealCall(Delegate callback, Object args, Int32 numArgs)
   at System.Windows.Threading.ExceptionWrapper.TryCatchWhen(Object source, Delegate callback, Object args, Int32 numArgs, Delegate catchHandler)
2026-05-29 14:22:13  Application startup
2026-05-29 14:22:14  Main window shown
